Arguments: 
  C:\Program Files\nodejs\node.exe C:\Users\LCH\AppData\Roaming\npm\node_modules\yarn\bin\yarn.js install

PATH: 
  C:\Python38\Scripts\;C:\Python38\;C:\Program Files (x86)\Common Files\Oracle\Java\javapath;C:\Windows\system32;C:\Windows;C:\Windows\System32\Wbem;C:\Windows\System32\WindowsPowerShell\v1.0\;C:\Windows\System32\OpenSSH\;C:\Program Files\Java\jdk-12.0.2\bin;C:\ProgramData\chocolatey\bin;C:\Program Files\Git\cmd;C:\Program Files\nodejs\;C:\Users\LCH\AppData\Local\Yarn\bin;C:\Program Files\PuTTY\;C:\Program Files\MySQL\MySQL Shell 8.0\bin\;C:\Users\LCH\AppData\Local\Microsoft\WindowsApps;C:\Program Files\Bandizip\;C:\Program Files (x86)\Microsoft Visual Studio\2019\Community\Common7\IDE;C:\Users\LCH\AppData\Local\Programs\Microsoft VS Code\bin;C:\Users\LCH\AppData\Local\GitHubDesktop\bin;C:\MinGW\bin;C:\Users\LCH\AppData\Roaming\npm

Yarn version: 
  1.22.0

Node version: 
  13.7.0

Platform: 
  win32 x64

Trace: 
  Error: EPERM: operation not permitted, mkdir 'D:\Project\CreditAccount\node_modules'

npm manifest: 
  {
    "name": "credit-account",
    "version": "1.0.0",
    "description": "A web app to manage credit account built with React",
    "main": "index.js",
    "repository": "https://github.com/chaehwanlim/credit-account.git",
    "author": "Chaehwan Lim <chlim428@gmail.com>",
    "license": "MIT",
    "private": true
  }

yarn manifest: 
  No manifest

Lockfile: 
  # THIS IS AN AUTOGENERATED FILE. DO NOT EDIT THIS FILE DIRECTLY.
  # yarn lockfile v1
